\BOOKMARK [1][-]{section.1}{\376\377\004\022\004\062\004\065\004\064\004\065\004\075\004\070\004\065}{}% 1
\BOOKMARK [1][-]{section.2}{\376\377\004\036\004\075\004\102\004\076\004\073\004\076\004\063\004\070\004\117\000\040\004\104\004\100\004\060\004\063\004\074\004\065\004\075\004\102\004\060\000\040\004\117\004\067\004\113\004\072\004\060\000\040\000G\000o}{}% 2
\BOOKMARK [2][-]{subsection.2.1}{\376\377\004\030\004\074\004\065\004\075\004\060}{section.2}% 3
\BOOKMARK [2][-]{subsection.2.2}{\376\377\004\027\004\075\004\060\004\107\004\065\004\075\004\070\004\117\000\040\004\070\000\040\004\077\004\060\004\074\004\117\004\102\004\114}{section.2}% 4
\BOOKMARK [3][-]{subsubsection.2.2.1}{\376\377\004\057\004\107\004\065\004\071\004\072\004\070\000\040\004\077\004\060\004\074\004\117\004\102\004\070\000\040\004\070\000\040\004\067\004\075\004\060\004\107\004\065\004\075\004\070\004\117}{subsection.2.2}% 5
\BOOKMARK [3][-]{subsubsection.2.2.2}{\376\377\004\032\004\076\004\075\004\101\004\102\004\060\004\075\004\102\004\075\004\113\004\065\000\040\004\067\004\075\004\060\004\107\004\065\004\075\004\070\004\117}{subsection.2.2}% 6
\BOOKMARK [3][-]{subsubsection.2.2.3}{\376\377\004\033\004\070\004\102\004\065\004\100\004\060\004\073\004\113}{subsection.2.2}% 7
\BOOKMARK [3][-]{subsubsection.2.2.4}{\376\377\004\044\004\103\004\075\004\072\004\106\004\070\004\076\004\075\004\060\004\073\004\114\004\075\004\113\004\065\000\040\004\073\004\070\004\102\004\065\004\100\004\060\004\073\004\113}{subsection.2.2}% 8
\BOOKMARK [3][-]{subsubsection.2.2.5}{\376\377\004\032\004\060\004\075\004\060\004\073\004\113}{subsection.2.2}% 9
\BOOKMARK [2][-]{subsection.2.3}{\376\377\004\042\004\070\004\077\004\113\000\040\004\064\004\060\004\075\004\075\004\113\004\105}{section.2}% 10
\BOOKMARK [3][-]{subsubsection.2.3.1}{\376\377\004\021\004\060\004\067\004\076\004\062\004\113\004\065\000\040\004\102\004\070\004\077\004\113}{subsection.2.3}% 11
\BOOKMARK [3][-]{subsubsection.2.3.2}{\376\377\004\041\004\076\004\101\004\102\004\060\004\062\004\075\004\113\004\065\000\040\004\102\004\070\004\077\004\113}{subsection.2.3}% 12
\BOOKMARK [3][-]{subsubsection.2.3.3}{\376\377\004\034\004\060\004\101\004\101\004\070\004\062\004\113\000\040\004\070\000\040\004\101\004\100\004\065\004\067\004\113}{subsection.2.3}% 13
\BOOKMARK [3][-]{subsubsection.2.3.4}{\376\377\004\041\004\102\004\100\004\103\004\072\004\102\004\103\004\100\004\113\000\040\004\070\000\040\004\103\004\072\004\060\004\067\004\060\004\102\004\065\004\073\004\070}{subsection.2.3}% 14
\BOOKMARK [3][-]{subsubsection.2.3.5}{\376\377\004\044\004\103\004\075\004\072\004\106\004\070\004\076\004\075\004\060\004\073\004\114\004\075\004\113\004\065\000\040\004\102\004\070\004\077\004\113}{subsection.2.3}% 15
\BOOKMARK [3][-]{subsubsection.2.3.6}{\376\377\004\030\004\075\004\102\004\065\004\100\004\104\004\065\004\071\004\101\004\113}{subsection.2.3}% 16
\BOOKMARK [3][-]{subsubsection.2.3.7}{\376\377\004\041\004\073\004\076\004\062\004\060\004\100\004\070\000\040\004\070\000\040\004\072\004\060\004\075\004\060\004\073\004\113}{subsection.2.3}% 17
\BOOKMARK [2][-]{subsection.2.4}{\376\377\004\021\004\073\004\076\004\072\004\070}{section.2}% 18
\BOOKMARK [2][-]{subsection.2.5}{\376\377\004\024\004\065\004\072\004\073\004\060\004\100\004\060\004\106\004\070\004\070}{section.2}% 19
\BOOKMARK [3][-]{subsubsection.2.5.1}{\376\377\004\036\004\061\004\111\004\065\004\065\000\040\004\077\004\076\004\075\004\117\004\102\004\070\004\065\000\040\004\064\004\065\004\072\004\073\004\060\004\100\004\060\004\106\004\070\004\070}{subsection.2.5}% 20
\BOOKMARK [3][-]{subsubsection.2.5.2}{\376\377\004\024\004\065\004\072\004\073\004\060\004\100\004\060\004\106\004\070\004\117\000\040\004\102\004\070\004\077\004\076\004\062}{subsection.2.5}% 21
\BOOKMARK [3][-]{subsubsection.2.5.3}{\376\377\004\024\004\065\004\072\004\073\004\060\004\100\004\060\004\106\004\070\004\117\000\040\004\077\004\065\004\100\004\065\004\074\004\065\004\075\004\075\004\113\004\105\000\040\004\070\000\040\004\072\004\076\004\075\004\101\004\102\004\060\004\075\004\102}{subsection.2.5}% 22
\BOOKMARK [3][-]{subsubsection.2.5.4}{\376\377\004\024\004\065\004\072\004\073\004\060\004\100\004\060\004\106\004\070\004\117\000\040\004\104\004\103\004\075\004\072\004\106\004\070\004\071\000\040\004\070\000\040\004\074\004\065\004\102\004\076\004\064\004\076\004\062}{subsection.2.5}% 23
\BOOKMARK [3][-]{subsubsection.2.5.5}{\376\377\004\024\004\065\004\072\004\073\004\060\004\100\004\060\004\106\004\070\004\117\000\040\004\070\004\075\004\102\004\065\004\100\004\104\004\065\004\071\004\101\004\076\004\062}{subsection.2.5}% 24
\BOOKMARK [2][-]{subsection.2.6}{\376\377\004\022\004\113\004\100\004\060\004\066\004\065\004\075\004\070\004\117}{section.2}% 25
\BOOKMARK [3][-]{subsubsection.2.6.1}{\376\377\004\036\004\061\004\111\004\065\004\065\000\040\004\077\004\076\004\075\004\117\004\102\004\070\004\065\000\040\004\062\004\113\004\100\004\060\004\066\004\065\004\075\004\070\004\117}{subsection.2.6}% 26
\BOOKMARK [3][-]{subsubsection.2.6.2}{\376\377\004\037\004\100\004\070\004\062\004\065\004\064\004\065\004\075\004\070\004\065\000\040\004\102\004\070\004\077\004\076\004\062}{subsection.2.6}% 27
\BOOKMARK [3][-]{subsubsection.2.6.3}{\376\377\004\034\004\065\004\102\004\076\004\064\000-\004\062\004\113\004\100\004\060\004\066\004\065\004\075\004\070\004\117}{subsection.2.6}% 28
\BOOKMARK [3][-]{subsubsection.2.6.4}{\376\377\004\022\004\113\004\061\004\076\004\100\000\040\004\077\004\076\004\073\004\117\000\040\004\070\000\040\004\074\004\065\004\102\004\076\004\064\004\060}{subsection.2.6}% 29
\BOOKMARK [3][-]{subsubsection.2.6.5}{\376\377\004\030\004\075\004\064\004\065\004\072\004\101\004\070\004\100\004\076\004\062\004\060\004\075\004\070\004\065\000\040\004\070\000\040\004\101\004\100\004\065\004\067\004\113}{subsection.2.6}% 30
\BOOKMARK [3][-]{subsubsection.2.6.6}{\376\377\004\037\004\100\004\076\004\062\004\065\004\100\004\072\004\060\000\040\004\102\004\070\004\077\004\060}{subsection.2.6}% 31
\BOOKMARK [3][-]{subsubsection.2.6.7}{\376\377\004\022\004\113\004\067\004\076\004\062\000\040\004\104\004\103\004\075\004\072\004\106\004\070\004\070\000\040\004\070\000\040\004\076\004\077\004\065\004\100\004\060\004\106\004\070\004\070\000\040\004\101\000\040\004\072\004\060\004\075\004\060\004\073\004\060\004\074\004\070}{subsection.2.6}% 32
\BOOKMARK [3][-]{subsubsection.2.6.8}{\376\377\004\043\004\075\004\060\004\100\004\075\004\113\004\065\000\040\004\062\004\113\004\100\004\060\004\066\004\065\004\075\004\070\004\117}{subsection.2.6}% 33
\BOOKMARK [3][-]{subsubsection.2.6.9}{\376\377\004\021\004\070\004\075\004\060\004\100\004\075\004\113\004\065\000\040\004\062\004\113\004\100\004\060\004\066\004\065\004\075\004\070\004\117}{subsection.2.6}% 34
\BOOKMARK [2][-]{subsection.2.7}{\376\377\004\036\004\077\004\065\004\100\004\060\004\102\004\076\004\100\004\113}{section.2}% 35
\BOOKMARK [3][-]{subsubsection.2.7.1}{\376\377\004\037\004\076\004\074\004\065\004\107\004\065\004\075\004\075\004\113\004\065\000\040\004\076\004\077\004\065\004\100\004\060\004\102\004\076\004\100\004\113}{subsection.2.7}% 36
\BOOKMARK [3][-]{subsubsection.2.7.2}{\376\377\004\037\004\103\004\101\004\102\004\076\004\071\000\040\004\076\004\077\004\065\004\100\004\060\004\102\004\076\004\100}{subsection.2.7}% 37
\BOOKMARK [3][-]{subsubsection.2.7.3}{\376\377\004\036\004\077\004\065\004\100\004\060\004\102\004\076\004\100\004\113\000\040\004\070\004\075\004\072\004\100\004\065\004\074\004\065\004\075\004\102\004\060\000\040\004\070\000\040\004\064\004\065\004\072\004\100\004\065\004\074\004\065\004\075\004\102\004\060}{subsection.2.7}% 38
\BOOKMARK [3][-]{subsubsection.2.7.4}{\376\377\004\036\004\077\004\065\004\100\004\060\004\102\004\076\004\100\004\113\000\040\004\077\004\100\004\070\004\101\004\062\004\060\004\070\004\062\004\060\004\075\004\070\004\117}{subsection.2.7}% 39
\BOOKMARK [3][-]{subsubsection.2.7.5}{\376\377\004\043\004\101\004\073\004\076\004\062\004\075\004\113\004\071\000\040\004\076\004\077\004\065\004\100\004\060\004\102\004\076\004\100\000\040\000i\000f}{subsection.2.7}% 40
\BOOKMARK [3][-]{subsubsection.2.7.6}{\376\377\004\036\004\077\004\065\004\100\004\060\004\102\004\076\004\100\000\040\004\062\004\113\004\061\004\076\004\100\004\060\000\040\000s\000w\000i\000t\000c\000h}{subsection.2.7}% 41
\BOOKMARK [3][-]{subsubsection.2.7.7}{\376\377\004\036\004\077\004\065\004\100\004\060\004\102\004\076\004\100\000\040\004\106\004\070\004\072\004\073\004\060\000\040\000f\000o\000r}{subsection.2.7}% 42
\BOOKMARK [3][-]{subsubsection.2.7.8}{\376\377\004\036\004\077\004\065\004\100\004\060\004\102\004\076\004\100\004\113\000\040\004\077\004\065\004\100\004\065\004\064\004\060\004\107\004\070\000\040\004\103\004\077\004\100\004\060\004\062\004\073\004\065\004\075\004\070\004\117}{subsection.2.7}% 43
\BOOKMARK [3][-]{subsubsection.2.7.9}{\376\377\004\036\004\077\004\065\004\100\004\060\004\102\004\076\004\100\000\040\000g\000o}{subsection.2.7}% 44
\BOOKMARK [3][-]{subsubsection.2.7.10}{\376\377\004\036\004\077\004\065\004\100\004\060\004\102\004\076\004\100\000\040\004\076\004\102\004\077\004\100\004\060\004\062\004\072\004\070\000\040\004\062\000\040\004\072\004\060\004\075\004\060\004\073}{subsection.2.7}% 45
\BOOKMARK [3][-]{subsubsection.2.7.11}{\376\377\004\036\004\077\004\065\004\100\004\060\004\102\004\076\004\100\000\040\000s\000e\000l\000e\000c\000t}{subsection.2.7}% 46
\BOOKMARK [3][-]{subsubsection.2.7.12}{\376\377\004\036\004\077\004\065\004\100\004\060\004\102\004\076\004\100\000\040\000f\000a\000l\000l\000t\000h\000r\000o\000u\000g\000h}{subsection.2.7}% 47
\BOOKMARK [3][-]{subsubsection.2.7.13}{\376\377\004\036\004\077\004\065\004\100\004\060\004\102\004\076\004\100\000\040\000d\000e\000f\000e\000r}{subsection.2.7}% 48
\BOOKMARK [1][-]{section.3}{\376\377\004\027\004\060\004\072\004\073\004\116\004\107\004\065\004\075\004\070\004\065}{}% 49
\BOOKMARK [1][-]{section.4}{\376\377\004\041\004\077\004\070\004\101\004\076\004\072\000\040\004\073\004\070\004\102\004\065\004\100\004\060\004\102\004\103\004\100\004\113}{}% 50
